<?xml version="1.0" encoding="UTF-8"?>
<!-- Generated by org.testng.reporters.JUnitXMLReporter -->
<testsuite ignored="0" hostname="Sharad" failures="0" tests="5" name="Default test" time="0.456" errors="0" timestamp="2021-04-23T13:46:51 IST">
  <testcase classname="UnitTestBanking.Banking.TestBankingSystem" name="@BeforeSuite CreateResultFolder" time="-1.619165811251E9">
    <failure type="org.testng.TestNGException" message="
Parameter &amp;apos;GetID&amp;apos; is required by BeforeSuite on method CreateResultFolder but has not been marked @Optional or defined
in C:\Users\Sharad Pawar\AppData\Local\Temp\testng-eclipse-1694482598\testng-customsuite.xml">
      <![CDATA[org.testng.TestNGException: 
Parameter 'GetID' is required by BeforeSuite on method CreateResultFolder but has not been marked @Optional or defined
in C:\Users\Sharad Pawar\AppData\Local\Temp\testng-eclipse-1694482598\testng-customsuite.xml
at org.testng.internal.Parameters.createParams(Parameters.java:268)
at org.testng.internal.Parameters.createParametersForMethod(Parameters.java:356)
at org.testng.internal.Parameters.createParameters(Parameters.java:700)
at org.testng.internal.Parameters.createConfigurationParameters(Parameters.java:166)
at org.testng.internal.ConfigInvoker.invokeConfigurations(ConfigInvoker.java:301)
at org.testng.SuiteRunner.privateRun(SuiteRunner.java:327)
at org.testng.SuiteRunner.run(SuiteRunner.java:286)
at org.testng.SuiteRunnerWorker.runSuite(SuiteRunnerWorker.java:53)
at org.testng.SuiteRunnerWorker.run(SuiteRunnerWorker.java:96)
at org.testng.TestNG.runSuitesSequentially(TestNG.java:1218)
at org.testng.TestNG.runSuitesLocally(TestNG.java:1140)
at org.testng.TestNG.runSuites(TestNG.java:1069)
at org.testng.TestNG.run(TestNG.java:1037)
at org.testng.remote.AbstractRemoteTestNG.run(AbstractRemoteTestNG.java:115)
at org.testng.remote.RemoteTestNG.initAndRun(RemoteTestNG.java:251)
at org.testng.remote.RemoteTestNG.main(RemoteTestNG.java:77)
]]>
    </failure>
  </testcase> <!-- @BeforeSuite CreateResultFolder -->
  <testcase classname="UnitTestBanking.Banking.TestBankingSystem" name="@BeforeClass Initial" time="-1.619165811392E9">
    <skipped/>
  </testcase> <!-- @BeforeClass Initial -->
  <testcase classname="UnitTestBanking.Banking.TestBankingSystem" name="@BeforeMethod Init" time="-1.619165811577E9">
    <skipped/>
  </testcase> <!-- @BeforeMethod Init -->
  <testcase classname="UnitTestBanking.Banking.TestBankingSystem" name="@BeforeMethod Init" time="-1.619165811639E9">
    <skipped/>
  </testcase> <!-- @BeforeMethod Init -->
  <testcase classname="UnitTestBanking.Banking.TestBankingSystem" name="@BeforeMethod Init" time="-1.619165811668E9">
    <skipped/>
  </testcase> <!-- @BeforeMethod Init -->
  <testcase classname="UnitTestBanking.Banking.TestBankingSystem" name="@BeforeMethod Init" time="-1.619165811699E9">
    <skipped/>
  </testcase> <!-- @BeforeMethod Init -->
  <testcase classname="UnitTestBanking.Banking.TestBankingSystem" name="@BeforeMethod Init" time="-1.619165811724E9">
    <skipped/>
  </testcase> <!-- @BeforeMethod Init -->
  <testcase classname="UnitTestBanking.Banking.TestBankingSystem" name="@AfterClass End" time="-1.619165811754E9">
    <skipped/>
  </testcase> <!-- @AfterClass End -->
  <testcase classname="UnitTestBanking.Banking.TestBankingSystem" name="TestIntitialAmount" time="0.0">
    <skipped/>
  </testcase> <!-- TestIntitialAmount -->
  <testcase classname="UnitTestBanking.Banking.TestBankingSystem" name="TestInvalidWithdrawal" time="0.0">
    <skipped/>
  </testcase> <!-- TestInvalidWithdrawal -->
  <testcase classname="UnitTestBanking.Banking.TestBankingSystem" name="TestValidDeposite" time="0.0">
    <skipped/>
  </testcase> <!-- TestValidDeposite -->
  <testcase classname="UnitTestBanking.Banking.TestBankingSystem" name="TestValidAccoutNo" time="0.0">
    <skipped/>
  </testcase> <!-- TestValidAccoutNo -->
  <testcase classname="UnitTestBanking.Banking.TestBankingSystem" name="TestValidWithdrawal" time="0.0">
    <skipped/>
  </testcase> <!-- TestValidWithdrawal -->
</testsuite> <!-- Default test -->
